[2023-09-04 01:24:03] [WARNING] [AUTH]: DB nearing max capacity.
[2023-09-04 01:24:03] [ERROR] [DATABASE]: UI crashed.
[2023-09-04 01:24:03] [DEBUG] [DATABASE]: DB query executed.
[2023-09-04 01:24:03] [WARNING] [UI]: UI unresponsive.
[2023-09-04 01:24:03] [ERROR] [UI]: DB connection lost.
[2023-09-04 01:24:03] [WARNING] [UI]: DB nearing max capacity.
[2023-09-04 01:24:03] [INFO] [AUTH]: Session started.
[2023-09-04 01:24:03] [WARNING] [UI]: Login retries almost exhausted.
[2023-09-04 01:24:03] [INFO] [NETWORK]: Session started.
[2023-09-04 01:24:03] [ERROR] [API]: DB connection lost.
[2023-09-04 01:24:03] [DEBUG] [AUTH]: Auth method called.
[2023-09-04 01:24:03] [WARNING] [API]: UI unresponsive.
[2023-09-04 01:24:03] [DEBUG] [AUTH]: Network packet sent.
[2023-09-04 01:24:03] [INFO] [DATABASE]: Connection established.
[2023-09-04 01:24:03] [INFO] [UI]: Connection established.
[2023-09-04 01:24:03] [ERROR] [DATABASE]: UI crashed.
[2023-09-04 01:24:03] [DEBUG] [UI]: UI button clicked.
[2023-09-04 01:24:03] [WARNING] [NETWORK]: Login retries almost exhausted.
[2023-09-04 01:24:03] [DEBUG] [NETWORK]: UI button clicked.
[2023-09-04 01:24:03] [WARNING] [AUTH]: Login retries almost exhausted.
[2023-09-04 01:24:03] [INFO] [DATABASE]: Session started.
[2023-09-04 01:24:03] [ERROR] [UI]: Failed login attempt.
[2023-09-04 01:24:03] [INFO] [UI]: Session started.
[2023-09-04 01:24:03] [WARNING] [NETWORK]: UI unresponsive.
[2023-09-04 01:24:03] [WARNING] [DATABASE]: Login retries almost exhausted.
[2023-09-04 01:24:03] [DEBUG] [DATABASE]: Network packet sent.
[2023-09-04 01:24:03] [WARNING] [UI]: DB nearing max capacity.
[2023-09-04 01:24:03] [ERROR] [UI]: Failed login attempt.
[2023-09-04 01:24:03] [DEBUG] [NETWORK]: Auth method called.
[2023-09-04 01:24:03] [INFO] [API]: New entry added.
[2023-09-04 01:24:03] [DEBUG] [API]: Auth method called.
[2023-09-04 01:24:03] [ERROR] [UI]: Failed login attempt.
[2023-09-04 01:24:03] [WARNING] [API]: UI unresponsive.
[2023-09-04 01:24:03] [WARNING] [API]: Network latency detected.
[2023-09-04 01:24:03] [ERROR] [AUTH]: Failed login attempt.
[2023-09-04 01:24:03] [WARNING] [AUTH]: Network latency detected.
[2023-09-04 01:24:03] [WARNING] [API]: UI unresponsive.
[2023-09-04 01:24:03] [ERROR] [NETWORK]: DB connection lost.
[2023-09-04 01:24:03] [DEBUG] [DATABASE]: Network packet sent.
[2023-09-04 01:24:03] [ERROR] [AUTH]: Failed login attempt.
[2023-09-04 01:24:03] [WARNING] [API]: Login retries almost exhausted.
[2023-09-04 01:24:03] [INFO] [API]: Connection established.
[2023-09-04 01:24:03] [INFO] [UI]: Connection established.
[2023-09-04 01:24:03] [INFO] [NETWORK]: Session started.
[2023-09-04 01:24:03] [DEBUG] [API]: DB query executed.
[2023-09-04 01:24:03] [INFO] [NETWORK]: Session started.
[2023-09-04 01:24:03] [ERROR] [AUTH]: Failed login attempt.
[2023-09-04 01:24:03] [WARNING] [API]: Network latency detected.
[2023-09-04 01:24:03] [WARNING] [DATABASE]: DB nearing max capacity.
[2023-09-04 01:24:03] [ERROR] [UI]: Network error.
[2023-09-04 01:24:03] [INFO] [AUTH]: New entry added.
[2023-09-04 01:24:03] [DEBUG] [DATABASE]: Auth method called.
[2023-09-04 01:24:03] [WARNING] [AUTH]: Login retries almost exhausted.
[2023-09-04 01:24:03] [INFO] [API]: Session started.
[2023-09-04 01:24:03] [DEBUG] [DATABASE]: Auth method called.
[2023-09-04 01:24:03] [INFO] [AUTH]: User logged in.
[2023-09-04 01:24:03] [WARNING] [API]: UI unresponsive.
[2023-09-04 01:24:03] [DEBUG] [API]: DB query executed.
[2023-09-04 01:24:03] [DEBUG] [AUTH]: UI button clicked.
[2023-09-04 01:24:03] [WARNING] [NETWORK]: Network latency detected.
[2023-09-04 01:24:03] [DEBUG] [DATABASE]: DB query executed.
[2023-09-04 01:24:03] [ERROR] [NETWORK]: Failed login attempt.
[2023-09-04 01:24:03] [DEBUG] [NETWORK]: DB query executed.
[2023-09-04 01:24:03] [ERROR] [UI]: UI crashed.
[2023-09-04 01:24:03] [WARNING] [NETWORK]: UI unresponsive.
[2023-09-04 01:24:03] [DEBUG] [AUTH]: DB query executed.
[2023-09-04 01:24:03] [WARNING] [API]: Login retries almost exhausted.
[2023-09-04 01:24:03] [WARNING] [UI]: Login retries almost exhausted.
[2023-09-04 01:24:03] [WARNING] [NETWORK]: DB nearing max capacity.
[2023-09-04 01:24:03] [INFO] [NETWORK]: Session started.
[2023-09-04 01:24:03] [ERROR] [DATABASE]: DB connection lost.
[2023-09-04 01:24:03] [INFO] [UI]: New entry added.
[2023-09-04 01:24:03] [WARNING] [UI]: Network latency detected.
[2023-09-04 01:24:03] [INFO] [API]: Connection established.
[2023-09-04 01:24:03] [DEBUG] [AUTH]: Auth method called.
[2023-09-04 01:24:03] [INFO] [UI]: User logged in.
[2023-09-04 01:24:03] [ERROR] [AUTH]: UI crashed.
[2023-09-04 01:24:03] [INFO] [UI]: Connection established.
[2023-09-04 01:24:03] [DEBUG] [DATABASE]: Network packet sent.
[2023-09-04 01:24:03] [ERROR] [DATABASE]: UI crashed.
[2023-09-04 01:24:03] [INFO] [UI]: User logged in.
[2023-09-04 01:24:03] [ERROR] [API]: DB connection lost.
[2023-09-04 01:24:03] [INFO] [UI]: User logged in.
[2023-09-04 01:24:03] [WARNING] [UI]: DB nearing max capacity.
[2023-09-04 01:24:03] [ERROR] [AUTH]: Failed login attempt.
[2023-09-04 01:24:03] [WARNING] [DATABASE]: UI unresponsive.
[2023-09-04 01:24:03] [DEBUG] [UI]: DB query executed.
[2023-09-04 01:24:03] [DEBUG] [UI]: Network packet sent.
[2023-09-04 01:24:03] [DEBUG] [UI]: Auth method called.
[2023-09-04 01:24:03] [WARNING] [UI]: Login retries almost exhausted.
[2023-09-04 01:24:03] [WARNING] [UI]: DB nearing max capacity.
[2023-09-04 01:24:03] [ERROR] [AUTH]: DB connection lost.
[2023-09-04 01:24:03] [INFO] [AUTH]: Session started.
[2023-09-04 01:24:03] [WARNING] [API]: Network latency detected.
[2023-09-04 01:24:03] [DEBUG] [UI]: DB query executed.
[2023-09-04 01:24:03] [INFO] [NETWORK]: New entry added.
[2023-09-04 01:24:03] [ERROR] [API]: Network error.
[2023-09-04 01:24:03] [INFO] [NETWORK]: New entry added.
[2023-09-04 01:24:03] [WARNING] [AUTH]: UI unresponsive.
[2023-09-04 01:24:03] [ERROR] [NETWORK]: Network error.
[2023-09-04 01:24:03] [DEBUG] [API]: Network packet sent.
[2023-09-04 01:24:03] [ERROR] [API]: DB connection lost.
[2023-09-04 01:24:03] [INFO] [AUTH]: Session started.
[2023-09-04 01:24:03] [WARNING] [UI]: UI unresponsive.
[2023-09-04 01:24:03] [DEBUG] [AUTH]: DB query executed.
[2023-09-04 01:24:03] [INFO] [NETWORK]: Session started.
[2023-09-04 01:24:03] [ERROR] [API]: Network error.
[2023-09-04 01:24:03] [DEBUG] [API]: UI button clicked.
[2023-09-04 01:24:03] [DEBUG] [AUTH]: Auth method called.
[2023-09-04 01:24:03] [ERROR] [NETWORK]: Failed login attempt.
[2023-09-04 01:24:03] [DEBUG] [AUTH]: Auth method called.
[2023-09-04 01:24:03] [ERROR] [UI]: Network error.
[2023-09-04 01:24:03] [DEBUG] [API]: UI button clicked.
[2023-09-04 01:24:03] [DEBUG] [DATABASE]: DB query executed.
[2023-09-04 01:24:03] [DEBUG] [AUTH]: UI button clicked.
[2023-09-04 01:24:03] [INFO] [API]: New entry added.
[2023-09-04 01:24:03] [ERROR] [AUTH]: DB connection lost.
[2023-09-04 01:24:03] [DEBUG] [NETWORK]: Auth method called.
[2023-09-04 01:24:03] [ERROR] [UI]: Failed login attempt.
[2023-09-04 01:24:03] [WARNING] [UI]: DB nearing max capacity.
[2023-09-04 01:24:03] [DEBUG] [API]: UI button clicked.
[2023-09-04 01:24:03] [ERROR] [DATABASE]: DB connection lost.
[2023-09-04 01:24:03] [ERROR] [NETWORK]: Failed login attempt.
[2023-09-04 01:24:03] [WARNING] [AUTH]: DB nearing max capacity.
[2023-09-04 01:24:03] [ERROR] [NETWORK]: Failed login attempt.
[2023-09-04 01:24:03] [INFO] [API]: User logged in.
[2023-09-04 01:24:03] [INFO] [DATABASE]: Session started.
[2023-09-04 01:24:03] [INFO] [DATABASE]: User logged in.
[2023-09-04 01:24:03] [DEBUG] [NETWORK]: Network packet sent.
[2023-09-04 01:24:03] [ERROR] [AUTH]: Failed login attempt.
[2023-09-04 01:24:03] [WARNING] [DATABASE]: DB nearing max capacity.
[2023-09-04 01:24:03] [DEBUG] [DATABASE]: Auth method called.
[2023-09-04 01:24:03] [WARNING] [AUTH]: Network latency detected.
[2023-09-04 01:24:03] [ERROR] [DATABASE]: Failed login attempt.
[2023-09-04 01:24:03] [INFO] [NETWORK]: User logged in.
[2023-09-04 01:24:03] [DEBUG] [API]: Auth method called.
[2023-09-04 01:24:03] [WARNING] [API]: DB nearing max capacity.
[2023-09-04 01:24:03] [INFO] [AUTH]: New entry added.
[2023-09-04 01:24:03] [INFO] [UI]: Session started.
[2023-09-04 01:24:03] [ERROR] [NETWORK]: Failed login attempt.
[2023-09-04 01:24:03] [DEBUG] [API]: UI button clicked.
[2023-09-04 01:24:03] [INFO] [NETWORK]: New entry added.
[2023-09-04 01:24:03] [ERROR] [AUTH]: UI crashed.
[2023-09-04 01:24:03] [DEBUG] [AUTH]: Network packet sent.
[2023-09-04 01:24:03] [INFO] [UI]: User logged in.
[2023-09-04 01:24:03] [DEBUG] [AUTH]: Network packet sent.
[2023-09-04 01:24:03] [INFO] [UI]: Session started.
[2023-09-04 01:24:03] [WARNING] [AUTH]: Login retries almost exhausted.
[2023-09-04 01:24:03] [INFO] [API]: Session started.
[2023-09-04 01:24:03] [WARNING] [NETWORK]: DB nearing max capacity.
[2023-09-04 01:24:03] [INFO] [UI]: New entry added.
[2023-09-04 01:24:03] [INFO] [NETWORK]: Connection established.
[2023-09-04 01:24:03] [DEBUG] [DATABASE]: UI button clicked.
[2023-09-04 01:24:03] [INFO] [UI]: New entry added.
[2023-09-04 01:24:03] [INFO] [DATABASE]: Connection established.
[2023-09-04 01:24:03] [DEBUG] [UI]: Network packet sent.
[2023-09-04 01:24:03] [INFO] [UI]: Connection established.
[2023-09-04 01:24:03] [INFO] [API]: Connection established.
[2023-09-04 01:24:03] [ERROR] [NETWORK]: DB connection lost.
[2023-09-04 01:24:03] [ERROR] [AUTH]: Failed login attempt.
[2023-09-04 01:24:03] [INFO] [AUTH]: Connection established.
[2023-09-04 01:24:03] [DEBUG] [UI]: UI button clicked.
[2023-09-04 01:24:03] [DEBUG] [NETWORK]: Network packet sent.
[2023-09-04 01:24:03] [INFO] [AUTH]: User logged in.
[2023-09-04 01:24:03] [DEBUG] [AUTH]: Network packet sent.
[2023-09-04 01:24:03] [DEBUG] [DATABASE]: UI button clicked.
[2023-09-04 01:24:03] [DEBUG] [UI]: DB query executed.
[2023-09-04 01:24:03] [INFO] [API]: User logged in.
[2023-09-04 01:24:03] [WARNING] [API]: DB nearing max capacity.
[2023-09-04 01:24:03] [ERROR] [AUTH]: Network error.
[2023-09-04 01:24:03] [INFO] [DATABASE]: Session started.
[2023-09-04 01:24:03] [DEBUG] [UI]: DB query executed.
[2023-09-04 01:24:03] [WARNING] [AUTH]: Network latency detected.
[2023-09-04 01:24:03] [WARNING] [AUTH]: DB nearing max capacity.
[2023-09-04 01:24:03] [WARNING] [UI]: DB nearing max capacity.
[2023-09-04 01:24:03] [WARNING] [AUTH]: DB nearing max capacity.
[2023-09-04 01:24:03] [INFO] [NETWORK]: New entry added.
[2023-09-04 01:24:03] [ERROR] [NETWORK]: Failed login attempt.
[2023-09-04 01:24:03] [DEBUG] [NETWORK]: UI button clicked.
[2023-09-04 01:24:03] [DEBUG] [API]: Network packet sent.
[2023-09-04 01:24:03] [INFO] [AUTH]: User logged in.
[2023-09-04 01:24:03] [INFO] [DATABASE]: Session started.
[2023-09-04 01:24:03] [DEBUG] [UI]: DB query executed.
[2023-09-04 01:24:03] [ERROR] [UI]: Network error.
[2023-09-04 01:24:03] [INFO] [API]: Connection established.
[2023-09-04 01:24:03] [ERROR] [UI]: UI crashed.
[2023-09-04 01:24:03] [DEBUG] [DATABASE]: Auth method called.
[2023-09-04 01:24:03] [WARNING] [API]: Network latency detected.
[2023-09-04 01:24:03] [WARNING] [DATABASE]: Network latency detected.
[2023-09-04 01:24:03] [WARNING] [UI]: Login retries almost exhausted.
[2023-09-04 01:24:03] [ERROR] [AUTH]: Failed login attempt.
[2023-09-04 01:24:03] [DEBUG] [DATABASE]: Auth method called.
[2023-09-04 01:24:03] [WARNING] [NETWORK]: DB nearing max capacity.
[2023-09-04 01:24:03] [INFO] [DATABASE]: Session started.
[2023-09-04 01:24:03] [INFO] [API]: Connection established.
[2023-09-04 01:24:03] [INFO] [API]: User logged in.
[2023-09-04 01:24:03] [DEBUG] [UI]: DB query executed.
[2023-09-04 01:24:03] [WARNING] [NETWORK]: DB nearing max capacity.
[2023-09-04 01:24:03] [DEBUG] [NETWORK]: Network packet sent.
[2023-09-04 01:24:03] [INFO] [API]: Session started.
[2023-09-04 01:24:03] [WARNING] [NETWORK]: Login retries almost exhausted.
[2023-09-04 01:24:03] [WARNING] [UI]: Network latency detected.
[2023-09-04 01:24:03] [DEBUG] [DATABASE]: Network packet sent.
[2023-09-04 01:24:03] [INFO] [NETWORK]: User logged in.
[2023-09-04 01:24:03] [DEBUG] [UI]: UI button clicked.
[2023-09-04 01:24:03] [WARNING] [API]: DB nearing max capacity.
[2023-09-04 01:24:03] [WARNING] [DATABASE]: DB nearing max capacity.
[2023-09-04 01:24:03] [ERROR] [UI]: UI crashed.
[2023-09-04 01:24:03] [INFO] [DATABASE]: Session started.
[2023-09-04 01:24:03] [DEBUG] [NETWORK]: DB query executed.
[2023-09-04 01:24:03] [DEBUG] [AUTH]: DB query executed.
[2023-09-04 01:24:03] [WARNING] [AUTH]: UI unresponsive.
[2023-09-04 01:24:03] [INFO] [UI]: Session started.
[2023-09-04 01:24:03] [INFO] [AUTH]: Session started.
[2023-09-04 01:24:03] [DEBUG] [DATABASE]: Network packet sent.
[2023-09-04 01:24:03] [DEBUG] [DATABASE]: DB query executed.
[2023-09-04 01:24:03] [ERROR] [DATABASE]: DB connection lost.
[2023-09-04 01:24:03] [ERROR] [NETWORK]: DB connection lost.
[2023-09-04 01:24:03] [INFO] [DATABASE]: New entry added.
[2023-09-04 01:24:03] [WARNING] [DATABASE]: Network latency detected.
[2023-09-04 01:24:03] [WARNING] [API]: Login retries almost exhausted.
[2023-09-04 01:24:03] [ERROR] [API]: UI crashed.
[2023-09-04 01:24:03] [WARNING] [AUTH]: Login retries almost exhausted.
[2023-09-04 01:24:03] [ERROR] [DATABASE]: Network error.
[2023-09-04 01:24:03] [INFO] [DATABASE]: Session started.
[2023-09-04 01:24:03] [INFO] [API]: New entry added.
[2023-09-04 01:24:03] [WARNING] [DATABASE]: UI unresponsive.
[2023-09-04 01:24:03] [INFO] [DATABASE]: New entry added.
[2023-09-04 01:24:03] [DEBUG] [API]: UI button clicked.
[2023-09-04 01:24:03] [ERROR] [NETWORK]: UI crashed.
[2023-09-04 01:24:03] [WARNING] [UI]: Login retries almost exhausted.
[2023-09-04 01:24:03] [WARNING] [AUTH]: Network latency detected.
[2023-09-04 01:24:03] [DEBUG] [UI]: Auth method called.
[2023-09-04 01:24:03] [INFO] [NETWORK]: Connection established.
[2023-09-04 01:24:03] [INFO] [UI]: User logged in.
[2023-09-04 01:24:03] [WARNING] [DATABASE]: Network latency detected.
[2023-09-04 01:24:03] [DEBUG] [API]: Network packet sent.
[2023-09-04 01:24:03] [WARNING] [AUTH]: DB nearing max capacity.
[2023-09-04 01:24:03] [ERROR] [DATABASE]: Network error.
[2023-09-04 01:24:03] [DEBUG] [DATABASE]: UI button clicked.
[2023-09-04 01:24:03] [ERROR] [NETWORK]: UI crashed.
[2023-09-04 01:24:03] [WARNING] [DATABASE]: DB nearing max capacity.
[2023-09-04 01:24:03] [DEBUG] [DATABASE]: Auth method called.
[2023-09-04 01:24:03] [ERROR] [DATABASE]: Failed login attempt.
[2023-09-04 01:24:03] [INFO] [NETWORK]: New entry added.
[2023-09-04 01:24:03] [INFO] [DATABASE]: Session started.
[2023-09-04 01:24:03] [WARNING] [NETWORK]: DB nearing max capacity.
[2023-09-04 01:24:03] [ERROR] [API]: DB connection lost.
[2023-09-04 01:24:03] [INFO] [DATABASE]: Session started.
[2023-09-04 01:24:03] [DEBUG] [UI]: DB query executed.
[2023-09-04 01:24:03] [DEBUG] [DATABASE]: UI button clicked.
[2023-09-04 01:24:03] [INFO] [NETWORK]: Connection established.
[2023-09-04 01:24:03] [WARNING] [AUTH]: DB nearing max capacity.
[2023-09-04 01:24:03] [WARNING] [API]: Network latency detected.
[2023-09-04 01:24:03] [ERROR] [NETWORK]: DB connection lost.
[2023-09-04 01:24:03] [WARNING] [DATABASE]: UI unresponsive.
[2023-09-04 01:24:03] [DEBUG] [AUTH]: UI button clicked.
[2023-09-04 01:24:03] [ERROR] [DATABASE]: Failed login attempt.
[2023-09-04 01:24:03] [WARNING] [DATABASE]: UI unresponsive.
[2023-09-04 01:24:03] [ERROR] [API]: Network error.
[2023-09-04 01:24:03] [ERROR] [DATABASE]: DB connection lost.
[2023-09-04 01:24:03] [INFO] [UI]: New entry added.
[2023-09-04 01:24:03] [INFO] [NETWORK]: New entry added.
[2023-09-04 01:24:03] [DEBUG] [NETWORK]: Auth method called.
[2023-09-04 01:24:03] [ERROR] [DATABASE]: DB connection lost.
[2023-09-04 01:24:03] [ERROR] [NETWORK]: Network error.
[2023-09-04 01:24:03] [INFO] [UI]: New entry added.
[2023-09-04 01:24:03] [WARNING] [NETWORK]: DB nearing max capacity.
[2023-09-04 01:24:03] [INFO] [DATABASE]: Connection established.
[2023-09-04 01:24:03] [DEBUG] [DATABASE]: UI button clicked.
[2023-09-04 01:24:03] [WARNING] [NETWORK]: UI unresponsive.
[2023-09-04 01:24:03] [DEBUG] [AUTH]: UI button clicked.
[2023-09-04 01:24:03] [INFO] [UI]: User logged in.
[2023-09-04 01:24:03] [DEBUG] [DATABASE]: UI button clicked.
[2023-09-04 01:24:03] [INFO] [NETWORK]: Session started.
[2023-09-04 01:24:03] [DEBUG] [UI]: Network packet sent.
[2023-09-04 01:24:03] [WARNING] [UI]: UI unresponsive.
[2023-09-04 01:24:03] [DEBUG] [DATABASE]: Network packet sent.
[2023-09-04 01:24:03] [ERROR] [AUTH]: Failed login attempt.
[2023-09-04 01:24:03] [WARNING] [UI]: DB nearing max capacity.
[2023-09-04 01:24:03] [ERROR] [NETWORK]: Failed login attempt.
[2023-09-04 01:24:03] [WARNING] [NETWORK]: DB nearing max capacity.
[2023-09-04 01:24:03] [DEBUG] [API]: DB query executed.
[2023-09-04 01:24:03] [WARNING] [UI]: DB nearing max capacity.
[2023-09-04 01:24:03] [DEBUG] [UI]: UI button clicked.
[2023-09-04 01:24:03] [WARNING] [DATABASE]: Login retries almost exhausted.
[2023-09-04 01:24:03] [DEBUG] [API]: Auth method called.
[2023-09-04 01:24:03] [DEBUG] [AUTH]: Network packet sent.
[2023-09-04 01:24:03] [DEBUG] [AUTH]: DB query executed.
[2023-09-04 01:24:03] [WARNING] [AUTH]: Login retries almost exhausted.
[2023-09-04 01:24:03] [ERROR] [AUTH]: Failed login attempt.
[2023-09-04 01:24:03] [WARNING] [AUTH]: UI unresponsive.
[2023-09-04 01:24:03] [ERROR] [AUTH]: DB connection lost.
[2023-09-04 01:24:03] [ERROR] [API]: UI crashed.
[2023-09-04 01:24:03] [INFO] [NETWORK]: User logged in.
[2023-09-04 01:24:03] [INFO] [NETWORK]: User logged in.
[2023-09-04 01:24:03] [ERROR] [DATABASE]: UI crashed.
[2023-09-04 01:24:03] [WARNING] [DATABASE]: UI unresponsive.
[2023-09-04 01:24:03] [ERROR] [API]: Network error.
[2023-09-04 01:24:03] [ERROR] [UI]: Failed login attempt.
[2023-09-04 01:24:03] [INFO] [API]: User logged in.
[2023-09-04 01:24:03] [WARNING] [AUTH]: Network latency detected.
[2023-09-04 01:24:03] [INFO] [DATABASE]: Connection established.
[2023-09-04 01:24:03] [WARNING] [AUTH]: UI unresponsive.
[2023-09-04 01:24:03] [WARNING] [NETWORK]: Network latency detected.
[2023-09-04 01:24:03] [INFO] [AUTH]: Connection established.
[2023-09-04 01:24:03] [ERROR] [DATABASE]: DB connection lost.
[2023-09-04 01:24:03] [DEBUG] [API]: DB query executed.
[2023-09-04 01:24:03] [DEBUG] [AUTH]: Network packet sent.
[2023-09-04 01:24:03] [DEBUG] [NETWORK]: Network packet sent.
[2023-09-04 01:24:03] [ERROR] [AUTH]: UI crashed.
[2023-09-04 01:24:03] [WARNING] [UI]: Network latency detected.
[2023-09-04 01:24:03] [WARNING] [UI]: DB nearing max capacity.
[2023-09-04 01:24:03] [DEBUG] [DATABASE]: Network packet sent.
[2023-09-04 01:24:03] [INFO] [API]: Session started.
[2023-09-04 01:24:03] [ERROR] [DATABASE]: UI crashed.
[2023-09-04 01:24:03] [ERROR] [NETWORK]: Failed login attempt.
[2023-09-04 01:24:03] [INFO] [UI]: Session started.
[2023-09-04 01:24:03] [WARNING] [DATABASE]: Network latency detected.
[2023-09-04 01:24:03] [INFO] [UI]: Connection established.
[2023-09-04 01:24:03] [WARNING] [AUTH]: Login retries almost exhausted.
[2023-09-04 01:24:03] [WARNING] [AUTH]: UI unresponsive.
[2023-09-04 01:24:03] [INFO] [AUTH]: New entry added.
[2023-09-04 01:24:03] [ERROR] [AUTH]: UI crashed.
[2023-09-04 01:24:03] [ERROR] [API]: DB connection lost.
[2023-09-04 01:24:03] [DEBUG] [DATABASE]: Network packet sent.
[2023-09-04 01:24:03] [WARNING] [NETWORK]: Login retries almost exhausted.
[2023-09-04 01:24:03] [WARNING] [NETWORK]: UI unresponsive.
[2023-09-04 01:24:03] [INFO] [DATABASE]: Session started.
[2023-09-04 01:24:03] [ERROR] [DATABASE]: DB connection lost.
[2023-09-04 01:24:03] [DEBUG] [UI]: Network packet sent.
[2023-09-04 01:24:03] [ERROR] [NETWORK]: Network error.
[2023-09-04 01:24:03] [WARNING] [NETWORK]: DB nearing max capacity.
[2023-09-04 01:24:03] [DEBUG] [DATABASE]: Auth method called.
[2023-09-04 01:24:03] [ERROR] [DATABASE]: DB connection lost.
[2023-09-04 01:24:03] [ERROR] [AUTH]: UI crashed.
[2023-09-04 01:24:03] [WARNING] [AUTH]: UI unresponsive.
[2023-09-04 01:24:03] [INFO] [NETWORK]: New entry added.
[2023-09-04 01:24:03] [WARNING] [NETWORK]: UI unresponsive.
[2023-09-04 01:24:03] [WARNING] [API]: UI unresponsive.
[2023-09-04 01:24:03] [INFO] [AUTH]: Session started.
[2023-09-04 01:24:03] [INFO] [NETWORK]: New entry added.
[2023-09-04 01:24:03] [INFO] [API]: Connection established.
[2023-09-04 01:24:03] [ERROR] [DATABASE]: UI crashed.
[2023-09-04 01:24:03] [WARNING] [NETWORK]: Network latency detected.
[2023-09-04 01:24:03] [WARNING] [NETWORK]: Network latency detected.
[2023-09-04 01:24:03] [WARNING] [API]: DB nearing max capacity.
[2023-09-04 01:24:03] [WARNING] [API]: DB nearing max capacity.
[2023-09-04 01:24:03] [INFO] [AUTH]: New entry added.
[2023-09-04 01:24:03] [INFO] [UI]: User logged in.
[2023-09-04 01:24:03] [DEBUG] [API]: DB query executed.
[2023-09-04 01:24:03] [ERROR] [UI]: DB connection lost.
[2023-09-04 01:24:03] [WARNING] [AUTH]: DB nearing max capacity.
[2023-09-04 01:24:03] [DEBUG] [API]: Auth method called.
[2023-09-04 01:24:03] [ERROR] [DATABASE]: Failed login attempt.
[2023-09-04 01:24:03] [ERROR] [UI]: Network error.
[2023-09-04 01:24:03] [ERROR] [AUTH]: UI crashed.
[2023-09-04 01:24:03] [WARNING] [AUTH]: Network latency detected.
[2023-09-04 01:24:03] [INFO] [DATABASE]: Session started.
[2023-09-04 01:24:03] [ERROR] [NETWORK]: UI crashed.
[2023-09-04 01:24:03] [DEBUG] [AUTH]: Network packet sent.
[2023-09-04 01:24:03] [WARNING] [DATABASE]: DB nearing max capacity.
[2023-09-04 01:24:03] [INFO] [UI]: New entry added.
[2023-09-04 01:24:03] [DEBUG] [API]: DB query executed.
[2023-09-04 01:24:03] [DEBUG] [NETWORK]: DB query executed.
[2023-09-04 01:24:03] [ERROR] [NETWORK]: UI crashed.
[2023-09-04 01:24:03] [INFO] [UI]: Connection established.
[2023-09-04 01:24:03] [INFO] [AUTH]: Session started.
[2023-09-04 01:24:03] [DEBUG] [NETWORK]: UI button clicked.
[2023-09-04 01:24:03] [ERROR] [AUTH]: UI crashed.
[2023-09-04 01:24:03] [WARNING] [UI]: DB nearing max capacity.
[2023-09-04 01:24:03] [WARNING] [UI]: UI unresponsive.
[2023-09-04 01:24:03] [WARNING] [AUTH]: Network latency detected.
[2023-09-04 01:24:03] [ERROR] [AUTH]: UI crashed.
[2023-09-04 01:24:03] [INFO] [UI]: User logged in.
[2023-09-04 01:24:03] [WARNING] [NETWORK]: DB nearing max capacity.
[2023-09-04 01:24:03] [WARNING] [API]: UI unresponsive.
[2023-09-04 01:24:03] [INFO] [API]: Session started.
[2023-09-04 01:24:03] [ERROR] [API]: Network error.
[2023-09-04 01:24:03] [DEBUG] [API]: Auth method called.
[2023-09-04 01:24:03] [DEBUG] [UI]: UI button clicked.
[2023-09-04 01:24:03] [ERROR] [AUTH]: Network error.
[2023-09-04 01:24:03] [INFO] [NETWORK]: Session started.
[2023-09-04 01:24:03] [DEBUG] [UI]: Network packet sent.
[2023-09-04 01:24:03] [INFO] [UI]: Session started.
[2023-09-04 01:24:03] [ERROR] [AUTH]: Network error.
[2023-09-04 01:24:03] [WARNING] [UI]: UI unresponsive.
[2023-09-04 01:24:03] [ERROR] [AUTH]: Network error.
[2023-09-04 01:24:03] [WARNING] [UI]: DB nearing max capacity.
[2023-09-04 01:24:03] [ERROR] [DATABASE]: Network error.
[2023-09-04 01:24:03] [ERROR] [UI]: Failed login attempt.
[2023-09-04 01:24:03] [ERROR] [NETWORK]: UI crashed.
[2023-09-04 01:24:03] [DEBUG] [DATABASE]: DB query executed.
[2023-09-04 01:24:03] [WARNING] [AUTH]: Network latency detected.
[2023-09-04 01:24:03] [WARNING] [API]: Login retries almost exhausted.
[2023-09-04 01:24:03] [WARNING] [API]: UI unresponsive.
[2023-09-04 01:24:03] [ERROR] [API]: UI crashed.
[2023-09-04 01:24:03] [DEBUG] [UI]: UI button clicked.
[2023-09-04 01:24:03] [DEBUG] [AUTH]: DB query executed.
[2023-09-04 01:24:03] [INFO] [UI]: User logged in.
[2023-09-04 01:24:03] [ERROR] [API]: DB connection lost.
[2023-09-04 01:24:03] [WARNING] [AUTH]: Network latency detected.
[2023-09-04 01:24:03] [DEBUG] [UI]: Network packet sent.
[2023-09-04 01:24:03] [DEBUG] [API]: UI button clicked.
[2023-09-04 01:24:03] [DEBUG] [AUTH]: Auth method called.
[2023-09-04 01:24:03] [ERROR] [API]: Failed login attempt.
[2023-09-04 01:24:03] [ERROR] [AUTH]: Network error.
[2023-09-04 01:24:03] [INFO] [UI]: User logged in.
[2023-09-04 01:24:03] [INFO] [AUTH]: User logged in.
[2023-09-04 01:24:03] [ERROR] [API]: UI crashed.
[2023-09-04 01:24:03] [WARNING] [AUTH]: Network latency detected.
[2023-09-04 01:24:03] [DEBUG] [API]: Network packet sent.
[2023-09-04 01:24:03] [WARNING] [NETWORK]: DB nearing max capacity.
[2023-09-04 01:24:03] [INFO] [API]: Connection established.
[2023-09-04 01:24:03] [WARNING] [NETWORK]: Login retries almost exhausted.
[2023-09-04 01:24:03] [WARNING] [DATABASE]: Network latency detected.
[2023-09-04 01:24:03] [ERROR] [DATABASE]: DB connection lost.
[2023-09-04 01:24:03] [DEBUG] [UI]: Network packet sent.
[2023-09-04 01:24:03] [DEBUG] [DATABASE]: Auth method called.
[2023-09-04 01:24:03] [ERROR] [AUTH]: Failed login attempt.
[2023-09-04 01:24:03] [ERROR] [API]: Network error.
[2023-09-04 01:24:03] [INFO] [NETWORK]: User logged in.
[2023-09-04 01:24:03] [DEBUG] [DATABASE]: Auth method called.
[2023-09-04 01:24:03] [INFO] [DATABASE]: New entry added.
[2023-09-04 01:24:03] [INFO] [NETWORK]: Connection established.
[2023-09-04 01:24:03] [DEBUG] [API]: Network packet sent.
[2023-09-04 01:24:03] [ERROR] [API]: Failed login attempt.
[2023-09-04 01:24:03] [ERROR] [DATABASE]: UI crashed.
[2023-09-04 01:24:03] [INFO] [UI]: User logged in.
[2023-09-04 01:24:03] [WARNING] [UI]: Network latency detected.
[2023-09-04 01:24:03] [DEBUG] [UI]: DB query executed.
[2023-09-04 01:24:03] [INFO] [NETWORK]: User logged in.
[2023-09-04 01:24:03] [DEBUG] [DATABASE]: Auth method called.
[2023-09-04 01:24:03] [DEBUG] [DATABASE]: Network packet sent.
[2023-09-04 01:24:03] [DEBUG] [UI]: Auth method called.
[2023-09-04 01:24:03] [ERROR] [DATABASE]: Failed login attempt.
[2023-09-04 01:24:03] [DEBUG] [AUTH]: Auth method called.
[2023-09-04 01:24:03] [WARNING] [API]: Login retries almost exhausted.
[2023-09-04 01:24:03] [ERROR] [AUTH]: UI crashed.
[2023-09-04 01:24:03] [INFO] [API]: User logged in.
[2023-09-04 01:24:03] [WARNING] [AUTH]: Login retries almost exhausted.
[2023-09-04 01:24:03] [ERROR] [DATABASE]: UI crashed.
[2023-09-04 01:24:03] [ERROR] [API]: Failed login attempt.
[2023-09-04 01:24:03] [WARNING] [API]: Network latency detected.
[2023-09-04 01:24:03] [WARNING] [DATABASE]: DB nearing max capacity.
[2023-09-04 01:24:03] [INFO] [DATABASE]: Session started.
[2023-09-04 01:24:03] [ERROR] [AUTH]: Network error.
[2023-09-04 01:24:03] [ERROR] [DATABASE]: Failed login attempt.
[2023-09-04 01:24:03] [ERROR] [DATABASE]: DB connection lost.
[2023-09-04 01:24:03] [WARNING] [DATABASE]: Network latency detected.
[2023-09-04 01:24:03] [ERROR] [API]: Network error.
[2023-09-04 01:24:03] [DEBUG] [NETWORK]: Auth method called.
[2023-09-04 01:24:03] [INFO] [UI]: Session started.
[2023-09-04 01:24:03] [DEBUG] [UI]: Network packet sent.
[2023-09-04 01:24:03] [DEBUG] [AUTH]: UI button clicked.
[2023-09-04 01:24:03] [WARNING] [UI]: UI unresponsive.
[2023-09-04 01:24:03] [ERROR] [API]: DB connection lost.
[2023-09-04 01:24:03] [DEBUG] [NETWORK]: UI button clicked.
[2023-09-04 01:24:03] [WARNING] [UI]: UI unresponsive.
[2023-09-04 01:24:03] [WARNING] [DATABASE]: DB nearing max capacity.
[2023-09-04 01:24:03] [WARNING] [API]: Network latency detected.
[2023-09-04 01:24:03] [INFO] [API]: Session started.
[2023-09-04 01:24:03] [DEBUG] [AUTH]: Network packet sent.
[2023-09-04 01:24:03] [DEBUG] [AUTH]: UI button clicked.
[2023-09-04 01:24:03] [DEBUG] [UI]: DB query executed.
[2023-09-04 01:24:03] [INFO] [UI]: Connection established.
[2023-09-04 01:24:03] [ERROR] [UI]: Failed login attempt.
[2023-09-04 01:24:03] [WARNING] [AUTH]: Network latency detected.
[2023-09-04 01:24:03] [ERROR] [NETWORK]: UI crashed.
[2023-09-04 01:24:03] [WARNING] [API]: Network latency detected.
[2023-09-04 01:24:03] [ERROR] [NETWORK]: UI crashed.
[2023-09-04 01:24:03] [DEBUG] [DATABASE]: UI button clicked.
[2023-09-04 01:24:03] [INFO] [NETWORK]: Session started.
[2023-09-04 01:24:03] [INFO] [API]: New entry added.
[2023-09-04 01:24:03] [INFO] [AUTH]: New entry added.
[2023-09-04 01:24:03] [ERROR] [UI]: Network error.
[2023-09-04 01:24:03] [WARNING] [API]: UI unresponsive.
[2023-09-04 01:24:03] [ERROR] [UI]: UI crashed.
[2023-09-04 01:24:03] [DEBUG] [NETWORK]: Network packet sent.
[2023-09-04 01:24:03] [WARNING] [DATABASE]: DB nearing max capacity.
[2023-09-04 01:24:03] [WARNING] [DATABASE]: Login retries almost exhausted.
[2023-09-04 01:24:03] [DEBUG] [API]: UI button clicked.
[2023-09-04 01:24:03] [WARNING] [API]: UI unresponsive.
[2023-09-04 01:24:03] [DEBUG] [API]: Auth method called.
[2023-09-04 01:24:03] [INFO] [AUTH]: Connection established.
[2023-09-04 01:24:03] [DEBUG] [DATABASE]: DB query executed.
[2023-09-04 01:24:03] [ERROR] [DATABASE]: Failed login attempt.
[2023-09-04 01:24:03] [WARNING] [AUTH]: Network latency detected.
[2023-09-04 01:24:03] [ERROR] [API]: Network error.
[2023-09-04 01:24:03] [ERROR] [DATABASE]: UI crashed.
[2023-09-04 01:24:03] [ERROR] [UI]: DB connection lost.
[2023-09-04 01:24:03] [WARNING] [UI]: Network latency detected.
[2023-09-04 01:24:03] [WARNING] [DATABASE]: Login retries almost exhausted.
[2023-09-04 01:24:03] [WARNING] [NETWORK]: Network latency detected.
[2023-09-04 01:24:03] [INFO] [API]: Connection established.
[2023-09-04 01:24:03] [INFO] [AUTH]: Connection established.
[2023-09-04 01:24:03] [ERROR] [DATABASE]: Failed login attempt.
[2023-09-04 01:24:03] [ERROR] [NETWORK]: Network error.
[2023-09-04 01:24:03] [ERROR] [API]: DB connection lost.
[2023-09-04 01:24:03] [ERROR] [DATABASE]: Failed login attempt.
[2023-09-04 01:24:03] [DEBUG] [DATABASE]: DB query executed.
[2023-09-04 01:24:03] [DEBUG] [NETWORK]: Network packet sent.
[2023-09-04 01:24:03] [ERROR] [NETWORK]: UI crashed.
[2023-09-04 01:24:03] [INFO] [NETWORK]: Connection established.
[2023-09-04 01:24:03] [INFO] [NETWORK]: New entry added.
[2023-09-04 01:24:03] [INFO] [NETWORK]: New entry added.
[2023-09-04 01:24:03] [WARNING] [NETWORK]: UI unresponsive.
[2023-09-04 01:24:03] [ERROR] [UI]: Failed login attempt.
[2023-09-04 01:24:03] [WARNING] [API]: DB nearing max capacity.
[2023-09-04 01:24:03] [ERROR] [DATABASE]: UI crashed.
[2023-09-04 01:24:03] [DEBUG] [NETWORK]: Auth method called.
[2023-09-04 01:24:03] [ERROR] [AUTH]: UI crashed.
[2023-09-04 01:24:03] [ERROR] [NETWORK]: Network error.
[2023-09-04 01:24:03] [INFO] [UI]: User logged in.
[2023-09-04 01:24:03] [DEBUG] [DATABASE]: Network packet sent.
[2023-09-04 01:24:03] [INFO] [API]: New entry added.
[2023-09-04 01:24:03] [INFO] [AUTH]: Connection established.
[2023-09-04 01:24:03] [ERROR] [NETWORK]: Failed login attempt.
[2023-09-04 01:24:03] [WARNING] [NETWORK]: Login retries almost exhausted.
[2023-09-04 01:24:03] [DEBUG] [API]: DB query executed.
[2023-09-04 01:24:03] [DEBUG] [DATABASE]: Network packet sent.
[2023-09-04 01:24:03] [WARNING] [DATABASE]: Login retries almost exhausted.
[2023-09-04 01:24:03] [DEBUG] [AUTH]: UI button clicked.
[2023-09-04 01:24:03] [INFO] [NETWORK]: User logged in.
[2023-09-04 01:24:03] [ERROR] [AUTH]: DB connection lost.
[2023-09-04 01:24:03] [INFO] [API]: New entry added.
[2023-09-04 01:24:03] [ERROR] [AUTH]: Network error.
[2023-09-04 01:24:03] [ERROR] [UI]: UI crashed.
[2023-09-04 01:24:03] [ERROR] [UI]: UI crashed.
[2023-09-04 01:24:03] [DEBUG] [NETWORK]: Auth method called.
[2023-09-04 01:24:03] [WARNING] [DATABASE]: Login retries almost exhausted.
[2023-09-04 01:24:03] [DEBUG] [AUTH]: Network packet sent.
[2023-09-04 01:24:03] [DEBUG] [API]: DB query executed.
[2023-09-04 01:24:03] [INFO] [UI]: Session started.
[2023-09-04 01:24:03] [WARNING] [NETWORK]: Network latency detected.
[2023-09-04 01:24:03] [DEBUG] [AUTH]: DB query executed.
[2023-09-04 01:24:03] [INFO] [DATABASE]: Session started.
[2023-09-04 01:24:03] [INFO] [DATABASE]: Session started.
[2023-09-04 01:24:03] [DEBUG] [NETWORK]: Network packet sent.
[2023-09-04 01:24:03] [DEBUG] [UI]: Network packet sent.
[2023-09-04 01:24:03] [INFO] [DATABASE]: New entry added.
[2023-09-04 01:24:03] [ERROR] [AUTH]: DB connection lost.
[2023-09-04 01:24:03] [WARNING] [DATABASE]: Login retries almost exhausted.
[2023-09-04 01:24:03] [INFO] [AUTH]: User logged in.
[2023-09-04 01:24:03] [DEBUG] [AUTH]: UI button clicked.
[2023-09-04 01:24:03] [ERROR] [DATABASE]: DB connection lost.
[2023-09-04 01:24:03] [ERROR] [API]: Network error.
[2023-09-04 01:24:03] [WARNING] [API]: UI unresponsive.
[2023-09-04 01:24:03] [DEBUG] [UI]: Auth method called.
[2023-09-04 01:24:03] [WARNING] [AUTH]: DB nearing max capacity.
[2023-09-04 01:24:03] [INFO] [API]: User logged in.
[2023-09-04 01:24:03] [ERROR] [API]: Network error.
[2023-09-04 01:24:03] [ERROR] [API]: DB connection lost.
[2023-09-04 01:24:03] [ERROR] [API]: UI crashed.
[2023-09-04 01:24:03] [ERROR] [NETWORK]: UI crashed.
[2023-09-04 01:24:03] [WARNING] [AUTH]: DB nearing max capacity.
[2023-09-04 01:24:03] [WARNING] [AUTH]: DB nearing max capacity.
[2023-09-04 01:24:03] [DEBUG] [NETWORK]: DB query executed.
[2023-09-04 01:24:03] [WARNING] [API]: UI unresponsive.
[2023-09-04 01:24:03] [WARNING] [AUTH]: Login retries almost exhausted.
[2023-09-04 01:24:03] [INFO] [UI]: User logged in.
[2023-09-04 01:24:03] [DEBUG] [API]: Network packet sent.
[2023-09-04 01:24:03] [INFO] [API]: User logged in.
[2023-09-04 01:24:03] [DEBUG] [API]: UI button clicked.
[2023-09-04 01:24:03] [DEBUG] [DATABASE]: UI button clicked.
[2023-09-04 01:24:03] [INFO] [NETWORK]: User logged in.
[2023-09-04 01:24:03] [ERROR] [NETWORK]: UI crashed.
[2023-09-04 01:24:03] [INFO] [API]: New entry added.
[2023-09-04 01:24:03] [WARNING] [AUTH]: DB nearing max capacity.
[2023-09-04 01:24:03] [ERROR] [AUTH]: Failed login attempt.
[2023-09-04 01:24:03] [WARNING] [DATABASE]: DB nearing max capacity.
[2023-09-04 01:24:03] [DEBUG] [NETWORK]: Network packet sent.
[2023-09-04 01:24:03] [WARNING] [API]: UI unresponsive.
[2023-09-04 01:24:03] [DEBUG] [DATABASE]: DB query executed.
[2023-09-04 01:24:03] [ERROR] [AUTH]: UI crashed.
[2023-09-04 01:24:03] [INFO] [UI]: New entry added.
[2023-09-04 01:24:03] [ERROR] [DATABASE]: DB connection lost.
[2023-09-04 01:24:03] [ERROR] [UI]: UI crashed.
[2023-09-04 01:24:03] [ERROR] [DATABASE]: UI crashed.
[2023-09-04 01:24:03] [DEBUG] [NETWORK]: DB query executed.
[2023-09-04 01:24:03] [INFO] [API]: New entry added.
[2023-09-04 01:24:03] [INFO] [DATABASE]: Session started.
[2023-09-04 01:24:03] [INFO] [UI]: Session started.
[2023-09-04 01:24:03] [ERROR] [AUTH]: DB connection lost.
[2023-09-04 01:24:03] [INFO] [UI]: Session started.
[2023-09-04 01:24:03] [ERROR] [UI]: UI crashed.
[2023-09-04 01:24:03] [INFO] [API]: Connection established.
[2023-09-04 01:24:03] [DEBUG] [AUTH]: DB query executed.
[2023-09-04 01:24:03] [INFO] [AUTH]: New entry added.
[2023-09-04 01:24:03] [ERROR] [API]: Failed login attempt.
[2023-09-04 01:24:03] [INFO] [DATABASE]: User logged in.
[2023-09-04 01:24:03] [ERROR] [DATABASE]: Failed login attempt.
[2023-09-04 01:24:03] [WARNING] [API]: Login retries almost exhausted.
[2023-09-04 01:24:03] [INFO] [DATABASE]: User logged in.
[2023-09-04 01:24:03] [ERROR] [API]: Network error.
[2023-09-04 01:24:03] [INFO] [UI]: Session started.
[2023-09-04 01:24:03] [ERROR] [DATABASE]: UI crashed.
[2023-09-04 01:24:03] [ERROR] [UI]: Network error.
[2023-09-04 01:24:03] [ERROR] [AUTH]: Failed login attempt.
[2023-09-04 01:24:03] [DEBUG] [API]: DB query executed.
[2023-09-04 01:24:03] [INFO] [UI]: Session started.
[2023-09-04 01:24:03] [INFO] [NETWORK]: New entry added.
[2023-09-04 01:24:03] [INFO] [DATABASE]: Connection established.
[2023-09-04 01:24:03] [DEBUG] [NETWORK]: UI button clicked.
[2023-09-04 01:24:03] [DEBUG] [AUTH]: UI button clicked.
[2023-09-04 01:24:03] [ERROR] [NETWORK]: Network error.
[2023-09-04 01:24:03] [ERROR] [NETWORK]: Failed login attempt.
[2023-09-04 01:24:03] [INFO] [UI]: User logged in.
[2023-09-04 01:24:03] [INFO] [API]: Connection established.
[2023-09-04 01:24:03] [WARNING] [DATABASE]: Login retries almost exhausted.
[2023-09-04 01:24:03] [INFO] [UI]: Connection established.
[2023-09-04 01:24:03] [DEBUG] [NETWORK]: Network packet sent.
[2023-09-04 01:24:03] [WARNING] [NETWORK]: UI unresponsive.
[2023-09-04 01:24:03] [INFO] [NETWORK]: New entry added.
[2023-09-04 01:24:03] [DEBUG] [UI]: UI button clicked.
[2023-09-04 01:24:03] [DEBUG] [AUTH]: UI button clicked.
[2023-09-04 01:24:03] [INFO] [UI]: User logged in.
[2023-09-04 01:24:03] [WARNING] [AUTH]: DB nearing max capacity.
[2023-09-04 01:24:03] [ERROR] [UI]: UI crashed.
[2023-09-04 01:24:03] [DEBUG] [API]: Auth method called.
[2023-09-04 01:24:03] [ERROR] [NETWORK]: Failed login attempt.
[2023-09-04 01:24:03] [WARNING] [NETWORK]: DB nearing max capacity.
[2023-09-04 01:24:03] [ERROR] [DATABASE]: DB connection lost.
[2023-09-04 01:24:03] [ERROR] [API]: DB connection lost.
[2023-09-04 01:24:03] [INFO] [DATABASE]: Connection established.
[2023-09-04 01:24:03] [DEBUG] [DATABASE]: UI button clicked.
[2023-09-04 01:24:03] [ERROR] [UI]: Network error.
[2023-09-04 01:24:03] [WARNING] [UI]: UI unresponsive.
[2023-09-04 01:24:03] [ERROR] [NETWORK]: DB connection lost.
[2023-09-04 01:24:03] [DEBUG] [API]: Network packet sent.
[2023-09-04 01:24:03] [ERROR] [UI]: DB connection lost.
[2023-09-04 01:24:03] [ERROR] [UI]: DB connection lost.
[2023-09-04 01:24:03] [DEBUG] [UI]: UI button clicked.
[2023-09-04 01:24:03] [DEBUG] [API]: UI button clicked.
[2023-09-04 01:24:03] [WARNING] [DATABASE]: Network latency detected.
[2023-09-04 01:24:03] [WARNING] [AUTH]: Network latency detected.
[2023-09-04 01:24:03] [WARNING] [NETWORK]: Network latency detected.
[2023-09-04 01:24:03] [DEBUG] [API]: UI button clicked.
[2023-09-04 01:24:03] [WARNING] [NETWORK]: UI unresponsive.
[2023-09-04 01:24:03] [INFO] [UI]: Session started.
[2023-09-04 01:24:03] [WARNING] [DATABASE]: Login retries almost exhausted.
[2023-09-04 01:24:03] [WARNING] [DATABASE]: UI unresponsive.
[2023-09-04 01:24:03] [ERROR] [DATABASE]: UI crashed.
[2023-09-04 01:24:03] [INFO] [UI]: Connection established.
[2023-09-04 01:24:03] [INFO] [AUTH]: User logged in.
[2023-09-04 01:24:03] [INFO] [DATABASE]: Session started.
[2023-09-04 01:24:03] [DEBUG] [UI]: UI button clicked.
[2023-09-04 01:24:03] [INFO] [API]: New entry added.
[2023-09-04 01:24:03] [WARNING] [DATABASE]: Network latency detected.
[2023-09-04 01:24:03] [ERROR] [NETWORK]: Network error.
[2023-09-04 01:24:03] [DEBUG] [UI]: Auth method called.
[2023-09-04 01:24:03] [DEBUG] [DATABASE]: Auth method called.
[2023-09-04 01:24:03] [DEBUG] [DATABASE]: UI button clicked.
[2023-09-04 01:24:03] [WARNING] [DATABASE]: DB nearing max capacity.
[2023-09-04 01:24:03] [INFO] [NETWORK]: New entry added.
[2023-09-04 01:24:03] [INFO] [DATABASE]: User logged in.
[2023-09-04 01:24:03] [INFO] [AUTH]: User logged in.
[2023-09-04 01:24:03] [ERROR] [UI]: Failed login attempt.
[2023-09-04 01:24:03] [INFO] [DATABASE]: Connection established.
[2023-09-04 01:24:03] [DEBUG] [DATABASE]: UI button clicked.
[2023-09-04 01:24:03] [INFO] [API]: Connection established.
[2023-09-04 01:24:03] [INFO] [DATABASE]: Connection established.
[2023-09-04 01:24:03] [WARNING] [NETWORK]: UI unresponsive.
[2023-09-04 01:24:03] [INFO] [NETWORK]: New entry added.
[2023-09-04 01:24:03] [ERROR] [AUTH]: DB connection lost.
[2023-09-04 01:24:03] [WARNING] [DATABASE]: UI unresponsive.
[2023-09-04 01:24:03] [DEBUG] [NETWORK]: UI button clicked.
[2023-09-04 01:24:03] [DEBUG] [DATABASE]: Auth method called.
[2023-09-04 01:24:03] [WARNING] [NETWORK]: DB nearing max capacity.
[2023-09-04 01:24:03] [DEBUG] [AUTH]: Auth method called.
[2023-09-04 01:24:03] [DEBUG] [NETWORK]: Auth method called.
[2023-09-04 01:24:03] [ERROR] [NETWORK]: Network error.
[2023-09-04 01:24:03] [WARNING] [DATABASE]: Network latency detected.
[2023-09-04 01:24:03] [INFO] [API]: Connection established.
[2023-09-04 01:24:03] [DEBUG] [UI]: UI button clicked.
[2023-09-04 01:24:03] [WARNING] [API]: UI unresponsive.
[2023-09-04 01:24:03] [ERROR] [API]: Network error.
[2023-09-04 01:24:03] [INFO] [API]: User logged in.
[2023-09-04 01:24:03] [INFO] [AUTH]: New entry added.
[2023-09-04 01:24:03] [DEBUG] [API]: DB query executed.
[2023-09-04 01:24:03] [INFO] [AUTH]: User logged in.
[2023-09-04 01:24:03] [DEBUG] [DATABASE]: Auth method called.
[2023-09-04 01:24:03] [INFO] [API]: User logged in.
[2023-09-04 01:24:03] [ERROR] [DATABASE]: DB connection lost.
[2023-09-04 01:24:03] [ERROR] [UI]: DB connection lost.
[2023-09-04 01:24:03] [INFO] [AUTH]: Connection established.
[2023-09-04 01:24:03] [WARNING] [AUTH]: Login retries almost exhausted.
[2023-09-04 01:24:03] [ERROR] [DATABASE]: DB connection lost.
[2023-09-04 01:24:03] [INFO] [DATABASE]: Session started.
[2023-09-04 01:24:03] [WARNING] [NETWORK]: Network latency detected.
[2023-09-04 01:24:03] [DEBUG] [NETWORK]: Network packet sent.
[2023-09-04 01:24:03] [DEBUG] [DATABASE]: DB query executed.
[2023-09-04 01:24:03] [DEBUG] [UI]: Auth method called.
[2023-09-04 01:24:03] [DEBUG] [UI]: Network packet sent.
[2023-09-04 01:24:03] [INFO] [API]: User logged in.
[2023-09-04 01:24:03] [INFO] [DATABASE]: Connection established.
[2023-09-04 01:24:03] [ERROR] [UI]: Failed login attempt.
[2023-09-04 01:24:03] [DEBUG] [API]: Network packet sent.
[2023-09-04 01:24:03] [WARNING] [NETWORK]: UI unresponsive.
[2023-09-04 01:24:03] [ERROR] [UI]: UI crashed.
[2023-09-04 01:24:03] [ERROR] [NETWORK]: DB connection lost.
[2023-09-04 01:24:03] [WARNING] [DATABASE]: DB nearing max capacity.
[2023-09-04 01:24:03] [DEBUG] [UI]: DB query executed.
[2023-09-04 01:24:03] [DEBUG] [API]: Network packet sent.
[2023-09-04 01:24:03] [WARNING] [DATABASE]: DB nearing max capacity.
[2023-09-04 01:24:03] [ERROR] [UI]: DB connection lost.
[2023-09-04 01:24:03] [ERROR] [AUTH]: Failed login attempt.
[2023-09-04 01:24:03] [ERROR] [AUTH]: UI crashed.
[2023-09-04 01:24:03] [DEBUG] [DATABASE]: UI button clicked.
[2023-09-04 01:24:03] [INFO] [AUTH]: New entry added.
[2023-09-04 01:24:03] [WARNING] [DATABASE]: Login retries almost exhausted.
[2023-09-04 01:24:03] [INFO] [DATABASE]: New entry added.
[2023-09-04 01:24:03] [DEBUG] [DATABASE]: Network packet sent.
[2023-09-04 01:24:03] [INFO] [API]: Session started.
[2023-09-04 01:24:03] [INFO] [API]: Connection established.
[2023-09-04 01:24:03] [ERROR] [DATABASE]: Network error.
[2023-09-04 01:24:03] [INFO] [UI]: Connection established.
[2023-09-04 01:24:03] [WARNING] [UI]: UI unresponsive.
[2023-09-04 01:24:03] [WARNING] [UI]: Network latency detected.
[2023-09-04 01:24:03] [WARNING] [UI]: Login retries almost exhausted.
[2023-09-04 01:24:03] [DEBUG] [API]: Network packet sent.
[2023-09-04 01:24:03] [ERROR] [AUTH]: Failed login attempt.
[2023-09-04 01:24:03] [WARNING] [NETWORK]: UI unresponsive.
[2023-09-04 01:24:03] [INFO] [DATABASE]: Connection established.
[2023-09-04 01:24:03] [WARNING] [API]: UI unresponsive.
[2023-09-04 01:24:03] [WARNING] [AUTH]: Login retries almost exhausted.
[2023-09-04 01:24:03] [WARNING] [NETWORK]: Login retries almost exhausted.
[2023-09-04 01:24:03] [WARNING] [AUTH]: DB nearing max capacity.
[2023-09-04 01:24:03] [WARNING] [UI]: Login retries almost exhausted.
[2023-09-04 01:24:03] [WARNING] [UI]: DB nearing max capacity.
[2023-09-04 01:24:03] [WARNING] [DATABASE]: Network latency detected.
[2023-09-04 01:24:03] [WARNING] [API]: Login retries almost exhausted.
[2023-09-04 01:24:03] [WARNING] [NETWORK]: Network latency detected.
[2023-09-04 01:24:03] [INFO] [DATABASE]: Session started.
[2023-09-04 01:24:03] [ERROR] [UI]: DB connection lost.
[2023-09-04 01:24:03] [INFO] [AUTH]: New entry added.
[2023-09-04 01:24:03] [ERROR] [UI]: Network error.
[2023-09-04 01:24:03] [DEBUG] [AUTH]: Network packet sent.
[2023-09-04 01:24:03] [DEBUG] [UI]: DB query executed.
[2023-09-04 01:24:03] [ERROR] [API]: Failed login attempt.
[2023-09-04 01:24:03] [DEBUG] [DATABASE]: DB query executed.
[2023-09-04 01:24:03] [ERROR] [DATABASE]: Failed login attempt.
[2023-09-04 01:24:03] [ERROR] [NETWORK]: DB connection lost.
[2023-09-04 01:24:03] [ERROR] [API]: Failed login attempt.
[2023-09-04 01:24:03] [INFO] [API]: New entry added.
[2023-09-04 01:24:03] [WARNING] [DATABASE]: Login retries almost exhausted.
[2023-09-04 01:24:03] [INFO] [API]: Session started.
[2023-09-04 01:24:03] [DEBUG] [DATABASE]: Network packet sent.
[2023-09-04 01:24:03] [WARNING] [DATABASE]: DB nearing max capacity.
[2023-09-04 01:24:03] [WARNING] [API]: DB nearing max capacity.
[2023-09-04 01:24:03] [ERROR] [UI]: Network error.
[2023-09-04 01:24:03] [INFO] [NETWORK]: User logged in.
[2023-09-04 01:24:03] [ERROR] [NETWORK]: Failed login attempt.
[2023-09-04 01:24:03] [DEBUG] [NETWORK]: Network packet sent.
[2023-09-04 01:24:03] [DEBUG] [DATABASE]: Auth method called.
[2023-09-04 01:24:03] [WARNING] [NETWORK]: DB nearing max capacity.
[2023-09-04 01:24:03] [WARNING] [UI]: DB nearing max capacity.
[2023-09-04 01:24:03] [WARNING] [NETWORK]: Network latency detected.
[2023-09-04 01:24:03] [INFO] [API]: New entry added.
[2023-09-04 01:24:03] [ERROR] [API]: Failed login attempt.
[2023-09-04 01:24:03] [DEBUG] [NETWORK]: Auth method called.
[2023-09-04 01:24:03] [INFO] [API]: Connection established.
[2023-09-04 01:24:03] [INFO] [AUTH]: Connection established.
[2023-09-04 01:24:03] [DEBUG] [API]: Network packet sent.
[2023-09-04 01:24:03] [ERROR] [API]: DB connection lost.
[2023-09-04 01:24:03] [ERROR] [API]: DB connection lost.
[2023-09-04 01:24:03] [DEBUG] [API]: Network packet sent.
[2023-09-04 01:24:03] [INFO] [API]: Session started.
[2023-09-04 01:24:03] [INFO] [UI]: New entry added.
[2023-09-04 01:24:03] [DEBUG] [NETWORK]: DB query executed.
[2023-09-04 01:24:03] [DEBUG] [API]: Network packet sent.
[2023-09-04 01:24:03] [INFO] [DATABASE]: User logged in.
[2023-09-04 01:24:03] [ERROR] [AUTH]: Network error.
[2023-09-04 01:24:03] [ERROR] [AUTH]: Failed login attempt.
[2023-09-04 01:24:03] [ERROR] [NETWORK]: DB connection lost.
[2023-09-04 01:24:03] [DEBUG] [DATABASE]: DB query executed.
[2023-09-04 01:24:03] [INFO] [API]: Connection established.
[2023-09-04 01:24:03] [WARNING] [API]: Network latency detected.
[2023-09-04 01:24:03] [WARNING] [NETWORK]: Login retries almost exhausted.
[2023-09-04 01:24:03] [WARNING] [API]: DB nearing max capacity.
[2023-09-04 01:24:03] [ERROR] [NETWORK]: Failed login attempt.
[2023-09-04 01:24:03] [WARNING] [AUTH]: DB nearing max capacity.
[2023-09-04 01:24:03] [ERROR] [AUTH]: Network error.
[2023-09-04 01:24:03] [ERROR] [DATABASE]: DB connection lost.
[2023-09-04 01:24:03] [WARNING] [DATABASE]: Login retries almost exhausted.
[2023-09-04 01:24:03] [ERROR] [API]: DB connection lost.
[2023-09-04 01:24:03] [INFO] [API]: User logged in.
[2023-09-04 01:24:03] [ERROR] [NETWORK]: UI crashed.
[2023-09-04 01:24:03] [ERROR] [API]: DB connection lost.
[2023-09-04 01:24:03] [INFO] [AUTH]: Connection established.
[2023-09-04 01:24:03] [ERROR] [UI]: Network error.
[2023-09-04 01:24:03] [INFO] [AUTH]: Connection established.
[2023-09-04 01:24:03] [DEBUG] [API]: Network packet sent.
[2023-09-04 01:24:03] [ERROR] [API]: Network error.
[2023-09-04 01:24:03] [INFO] [AUTH]: New entry added.
[2023-09-04 01:24:03] [INFO] [NETWORK]: Connection established.
[2023-09-04 01:24:03] [WARNING] [API]: Login retries almost exhausted.
[2023-09-04 01:24:03] [INFO] [NETWORK]: New entry added.
[2023-09-04 01:24:03] [WARNING] [API]: DB nearing max capacity.
[2023-09-04 01:24:03] [INFO] [NETWORK]: Connection established.
[2023-09-04 01:24:03] [DEBUG] [DATABASE]: DB query executed.
[2023-09-04 01:24:03] [DEBUG] [DATABASE]: Network packet sent.
[2023-09-04 01:24:03] [WARNING] [NETWORK]: Login retries almost exhausted.
[2023-09-04 01:24:03] [ERROR] [AUTH]: UI crashed.
[2023-09-04 01:24:03] [DEBUG] [DATABASE]: DB query executed.
[2023-09-04 01:24:03] [ERROR] [DATABASE]: Failed login attempt.
[2023-09-04 01:24:03] [ERROR] [NETWORK]: Network error.
[2023-09-04 01:24:03] [WARNING] [DATABASE]: Network latency detected.
[2023-09-04 01:24:03] [DEBUG] [UI]: Auth method called.
[2023-09-04 01:24:03] [DEBUG] [UI]: Network packet sent.
[2023-09-04 01:24:03] [WARNING] [AUTH]: DB nearing max capacity.
[2023-09-04 01:24:03] [ERROR] [NETWORK]: Network error.
[2023-09-04 01:24:03] [INFO] [API]: Connection established.
[2023-09-04 01:24:03] [ERROR] [API]: DB connection lost.
[2023-09-04 01:24:03] [INFO] [DATABASE]: Session started.
[2023-09-04 01:24:03] [DEBUG] [AUTH]: DB query executed.
[2023-09-04 01:24:03] [INFO] [UI]: New entry added.
[2023-09-04 01:24:03] [ERROR] [AUTH]: Network error.
[2023-09-04 01:24:03] [WARNING] [DATABASE]: UI unresponsive.
[2023-09-04 01:24:03] [ERROR] [NETWORK]: UI crashed.
[2023-09-04 01:24:03] [INFO] [AUTH]: User logged in.
[2023-09-04 01:24:03] [INFO] [UI]: Session started.
[2023-09-04 01:24:03] [DEBUG] [UI]: DB query executed.
[2023-09-04 01:24:03] [WARNING] [NETWORK]: Login retries almost exhausted.
[2023-09-04 01:24:03] [INFO] [UI]: Connection established.
[2023-09-04 01:24:03] [ERROR] [UI]: Failed login attempt.
[2023-09-04 01:24:03] [INFO] [UI]: User logged in.
[2023-09-04 01:24:03] [ERROR] [AUTH]: DB connection lost.
[2023-09-04 01:24:03] [INFO] [DATABASE]: Session started.
[2023-09-04 01:24:03] [ERROR] [API]: DB connection lost.
[2023-09-04 01:24:03] [INFO] [UI]: New entry added.
[2023-09-04 01:24:03] [DEBUG] [DATABASE]: Network packet sent.
[2023-09-04 01:24:03] [WARNING] [AUTH]: UI unresponsive.
[2023-09-04 01:24:03] [ERROR] [AUTH]: DB connection lost.
[2023-09-04 01:24:03] [WARNING] [API]: Network latency detected.
[2023-09-04 01:24:03] [ERROR] [API]: Network error.
[2023-09-04 01:24:03] [ERROR] [DATABASE]: UI crashed.
[2023-09-04 01:24:03] [ERROR] [NETWORK]: DB connection lost.
[2023-09-04 01:24:03] [ERROR] [API]: Network error.
[2023-09-04 01:24:03] [ERROR] [DATABASE]: Network error.
[2023-09-04 01:24:03] [WARNING] [UI]: UI unresponsive.
[2023-09-04 01:24:03] [INFO] [API]: Session started.
[2023-09-04 01:24:03] [ERROR] [UI]: Failed login attempt.
[2023-09-04 01:24:03] [INFO] [DATABASE]: Session started.
[2023-09-04 01:24:03] [DEBUG] [UI]: Network packet sent.
[2023-09-04 01:24:03] [ERROR] [DATABASE]: Failed login attempt.
[2023-09-04 01:24:03] [ERROR] [DATABASE]: Failed login attempt.
[2023-09-04 01:24:03] [INFO] [DATABASE]: New entry added.
[2023-09-04 01:24:03] [ERROR] [DATABASE]: UI crashed.
[2023-09-04 01:24:03] [ERROR] [UI]: Failed login attempt.
[2023-09-04 01:24:03] [DEBUG] [DATABASE]: UI button clicked.
[2023-09-04 01:24:03] [WARNING] [DATABASE]: Network latency detected.
[2023-09-04 01:24:03] [INFO] [DATABASE]: User logged in.
[2023-09-04 01:24:03] [WARNING] [UI]: Network latency detected.
[2023-09-04 01:24:03] [WARNING] [NETWORK]: UI unresponsive.
[2023-09-04 01:24:03] [WARNING] [NETWORK]: UI unresponsive.
[2023-09-04 01:24:03] [INFO] [API]: New entry added.
[2023-09-04 01:24:03] [INFO] [AUTH]: New entry added.
[2023-09-04 01:24:03] [ERROR] [DATABASE]: Network error.
[2023-09-04 01:24:03] [DEBUG] [API]: Auth method called.
[2023-09-04 01:24:03] [WARNING] [UI]: Login retries almost exhausted.
[2023-09-04 01:24:03] [ERROR] [AUTH]: DB connection lost.
[2023-09-04 01:24:03] [ERROR] [DATABASE]: UI crashed.
[2023-09-04 01:24:03] [WARNING] [UI]: DB nearing max capacity.
[2023-09-04 01:24:03] [INFO] [API]: User logged in.
[2023-09-04 01:24:03] [INFO] [NETWORK]: New entry added.
[2023-09-04 01:24:03] [ERROR] [DATABASE]: DB connection lost.
[2023-09-04 01:24:03] [INFO] [API]: User logged in.
[2023-09-04 01:24:03] [INFO] [DATABASE]: Connection established.
[2023-09-04 01:24:03] [DEBUG] [NETWORK]: UI button clicked.
[2023-09-04 01:24:03] [INFO] [DATABASE]: Connection established.
[2023-09-04 01:24:03] [ERROR] [UI]: UI crashed.
[2023-09-04 01:24:03] [ERROR] [UI]: DB connection lost.
[2023-09-04 01:24:03] [WARNING] [API]: UI unresponsive.
[2023-09-04 01:24:03] [INFO] [UI]: User logged in.
[2023-09-04 01:24:03] [INFO] [NETWORK]: Connection established.
[2023-09-04 01:24:03] [DEBUG] [UI]: Network packet sent.
[2023-09-04 01:24:03] [INFO] [NETWORK]: New entry added.
[2023-09-04 01:24:03] [WARNING] [AUTH]: Login retries almost exhausted.
[2023-09-04 01:24:03] [WARNING] [AUTH]: DB nearing max capacity.
[2023-09-04 01:24:03] [INFO] [API]: New entry added.
[2023-09-04 01:24:03] [WARNING] [AUTH]: DB nearing max capacity.
[2023-09-04 01:24:03] [ERROR] [UI]: Network error.
[2023-09-04 01:24:03] [DEBUG] [UI]: Auth method called.
[2023-09-04 01:24:03] [WARNING] [API]: DB nearing max capacity.
[2023-09-04 01:24:03] [ERROR] [UI]: Network error.
[2023-09-04 01:24:03] [DEBUG] [DATABASE]: Network packet sent.
[2023-09-04 01:24:03] [DEBUG] [DATABASE]: DB query executed.
[2023-09-04 01:24:03] [INFO] [API]: Connection established.
[2023-09-04 01:24:03] [DEBUG] [UI]: DB query executed.
[2023-09-04 01:24:03] [ERROR] [UI]: Failed login attempt.
[2023-09-04 01:24:03] [DEBUG] [UI]: Network packet sent.
[2023-09-04 01:24:03] [DEBUG] [API]: Network packet sent.
[2023-09-04 01:24:03] [INFO] [NETWORK]: User logged in.
[2023-09-04 01:24:03] [DEBUG] [DATABASE]: Network packet sent.
[2023-09-04 01:24:03] [INFO] [DATABASE]: New entry added.
[2023-09-04 01:24:03] [DEBUG] [DATABASE]: Auth method called.
[2023-09-04 01:24:03] [INFO] [AUTH]: New entry added.
[2023-09-04 01:24:03] [DEBUG] [DATABASE]: DB query executed.
[2023-09-04 01:24:03] [WARNING] [DATABASE]: DB nearing max capacity.
[2023-09-04 01:24:03] [WARNING] [AUTH]: Login retries almost exhausted.
[2023-09-04 01:24:03] [INFO] [UI]: User logged in.
[2023-09-04 01:24:03] [DEBUG] [AUTH]: Network packet sent.
[2023-09-04 01:24:03] [WARNING] [UI]: UI unresponsive.
[2023-09-04 01:24:03] [INFO] [UI]: Connection established.
[2023-09-04 01:24:03] [WARNING] [UI]: Login retries almost exhausted.
[2023-09-04 01:24:03] [ERROR] [AUTH]: UI crashed.
[2023-09-04 01:24:03] [DEBUG] [AUTH]: Auth method called.
[2023-09-04 01:24:03] [WARNING] [DATABASE]: Login retries almost exhausted.
[2023-09-04 01:24:03] [DEBUG] [DATABASE]: Network packet sent.
[2023-09-04 01:24:03] [DEBUG] [NETWORK]: UI button clicked.
[2023-09-04 01:24:03] [INFO] [DATABASE]: New entry added.
[2023-09-04 01:24:03] [INFO] [DATABASE]: User logged in.
[2023-09-04 01:24:03] [ERROR] [API]: DB connection lost.
[2023-09-04 01:24:03] [WARNING] [AUTH]: Login retries almost exhausted.
[2023-09-04 01:24:03] [ERROR] [AUTH]: Failed login attempt.
[2023-09-04 01:24:03] [DEBUG] [UI]: Auth method called.
[2023-09-04 01:24:03] [INFO] [NETWORK]: Connection established.
[2023-09-04 01:24:03] [WARNING] [DATABASE]: UI unresponsive.
[2023-09-04 01:24:03] [WARNING] [AUTH]: DB nearing max capacity.
[2023-09-04 01:24:03] [DEBUG] [AUTH]: DB query executed.
[2023-09-04 01:24:03] [ERROR] [NETWORK]: DB connection lost.
[2023-09-04 01:24:03] [ERROR] [DATABASE]: Failed login attempt.
[2023-09-04 01:24:03] [INFO] [DATABASE]: Session started.
[2023-09-04 01:24:03] [DEBUG] [AUTH]: Network packet sent.
[2023-09-04 01:24:03] [ERROR] [AUTH]: UI crashed.
[2023-09-04 01:24:03] [WARNING] [UI]: Network latency detected.
[2023-09-04 01:24:03] [DEBUG] [NETWORK]: Auth method called.
[2023-09-04 01:24:03] [ERROR] [DATABASE]: DB connection lost.
[2023-09-04 01:24:03] [WARNING] [API]: Network latency detected.
[2023-09-04 01:24:03] [DEBUG] [API]: UI button clicked.
[2023-09-04 01:24:03] [ERROR] [NETWORK]: Failed login attempt.
[2023-09-04 01:24:03] [ERROR] [UI]: Network error.
[2023-09-04 01:24:03] [DEBUG] [DATABASE]: DB query executed.
[2023-09-04 01:24:03] [DEBUG] [UI]: DB query executed.
[2023-09-04 01:24:03] [INFO] [NETWORK]: User logged in.
[2023-09-04 01:24:03] [DEBUG] [UI]: UI button clicked.
[2023-09-04 01:24:03] [INFO] [NETWORK]: User logged in.
[2023-09-04 01:24:03] [DEBUG] [UI]: Auth method called.
[2023-09-04 01:24:03] [DEBUG] [UI]: UI button clicked.
[2023-09-04 01:24:03] [WARNING] [UI]: Network latency detected.
[2023-09-04 01:24:03] [DEBUG] [AUTH]: Auth method called.
[2023-09-04 01:24:03] [DEBUG] [API]: UI button clicked.
[2023-09-04 01:24:03] [ERROR] [AUTH]: Failed login attempt.
[2023-09-04 01:24:03] [ERROR] [AUTH]: UI crashed.
[2023-09-04 01:24:03] [ERROR] [AUTH]: Network error.
[2023-09-04 01:24:03] [WARNING] [AUTH]: Network latency detected.
[2023-09-04 01:24:03] [INFO] [NETWORK]: User logged in.
[2023-09-04 01:24:03] [ERROR] [AUTH]: Failed login attempt.
[2023-09-04 01:24:03] [DEBUG] [AUTH]: DB query executed.
[2023-09-04 01:24:03] [DEBUG] [API]: Network packet sent.
[2023-09-04 01:24:03] [WARNING] [NETWORK]: DB nearing max capacity.
[2023-09-04 01:24:03] [DEBUG] [API]: Auth method called.
[2023-09-04 01:24:03] [WARNING] [API]: Login retries almost exhausted.
[2023-09-04 01:24:03] [DEBUG] [API]: Network packet sent.
[2023-09-04 01:24:03] [WARNING] [UI]: UI unresponsive.
[2023-09-04 01:24:03] [DEBUG] [DATABASE]: UI button clicked.
[2023-09-04 01:24:03] [ERROR] [UI]: Failed login attempt.
[2023-09-04 01:24:03] [DEBUG] [DATABASE]: UI button clicked.
[2023-09-04 01:24:03] [INFO] [UI]: New entry added.
[2023-09-04 01:24:03] [INFO] [DATABASE]: User logged in.
[2023-09-04 01:24:03] [ERROR] [NETWORK]: Failed login attempt.
[2023-09-04 01:24:03] [INFO] [UI]: New entry added.
[2023-09-04 01:24:03] [DEBUG] [UI]: DB query executed.
[2023-09-04 01:24:03] [INFO] [DATABASE]: New entry added.
[2023-09-04 01:24:03] [INFO] [UI]: User logged in.
[2023-09-04 01:24:03] [ERROR] [AUTH]: Network error.
[2023-09-04 01:24:03] [WARNING] [NETWORK]: Login retries almost exhausted.
[2023-09-04 01:24:03] [INFO] [API]: New entry added.
[2023-09-04 01:24:03] [DEBUG] [NETWORK]: UI button clicked.
[2023-09-04 01:24:03] [WARNING] [API]: Login retries almost exhausted.
[2023-09-04 01:24:03] [DEBUG] [UI]: Network packet sent.
[2023-09-04 01:24:03] [WARNING] [AUTH]: DB nearing max capacity.
[2023-09-04 01:24:03] [DEBUG] [API]: Network packet sent.
[2023-09-04 01:24:03] [ERROR] [AUTH]: Failed login attempt.
[2023-09-04 01:24:03] [INFO] [UI]: New entry added.
[2023-09-04 01:24:03] [INFO] [NETWORK]: Session started.
[2023-09-04 01:24:03] [DEBUG] [UI]: Auth method called.
[2023-09-04 01:24:03] [WARNING] [DATABASE]: DB nearing max capacity.
[2023-09-04 01:24:03] [ERROR] [DATABASE]: UI crashed.
[2023-09-04 01:24:03] [INFO] [API]: User logged in.
[2023-09-04 01:24:03] [WARNING] [NETWORK]: Login retries almost exhausted.
[2023-09-04 01:24:03] [DEBUG] [DATABASE]: DB query executed.
[2023-09-04 01:24:03] [DEBUG] [DATABASE]: DB query executed.
[2023-09-04 01:24:03] [DEBUG] [AUTH]: Auth method called.
[2023-09-04 01:24:03] [INFO] [UI]: New entry added.
[2023-09-04 01:24:03] [INFO] [DATABASE]: Session started.
[2023-09-04 01:24:03] [INFO] [UI]: Connection established.
[2023-09-04 01:24:03] [WARNING] [API]: UI unresponsive.
[2023-09-04 01:24:03] [DEBUG] [AUTH]: DB query executed.
[2023-09-04 01:24:03] [ERROR] [NETWORK]: Failed login attempt.
[2023-09-04 01:24:03] [ERROR] [API]: Network error.
[2023-09-04 01:24:03] [ERROR] [NETWORK]: Failed login attempt.
[2023-09-04 01:24:03] [ERROR] [DATABASE]: Failed login attempt.
[2023-09-04 01:24:03] [INFO] [NETWORK]: Connection established.
[2023-09-04 01:24:03] [ERROR] [AUTH]: Network error.
[2023-09-04 01:24:03] [DEBUG] [NETWORK]: UI button clicked.
[2023-09-04 01:24:03] [WARNING] [DATABASE]: DB nearing max capacity.
[2023-09-04 01:24:03] [INFO] [AUTH]: User logged in.
[2023-09-04 01:24:03] [DEBUG] [UI]: Auth method called.
